2014-04-27 15:44:10,900 ERROR [Worker-14] - System.err - SLF4J: Failed to load class "org.slf4j.impl.StaticLoggerBinder".
2014-04-27 15:44:10,901 ERROR [Worker-14] - System.err - SLF4J: Defaulting to no-operation (NOP) logger implementation
2014-04-27 15:44:10,901 ERROR [Worker-14] - System.err - SLF4J: See http://www.slf4j.org/codes.html#StaticLoggerBinder for further details.
2014-04-27 15:51:24,309 ERROR [ForkJoinPool-1-worker-29] - System.err - WorksheetManager <actor>: caught java.util.NoSuchElementException: None.get
2014-04-27 15:51:24,310 ERROR [ForkJoinPool-1-worker-29] - System.err - java.util.NoSuchElementException: None.get
2014-04-27 15:51:24,310 ERROR [ForkJoinPool-1-worker-29] - System.err - at scala.None$.get(Option.scala:313)
2014-04-27 15:51:24,310 ERROR [ForkJoinPool-1-worker-29] - System.err - at scala.None$.get(Option.scala:311)
2014-04-27 15:51:24,310 ERROR [ForkJoinPool-1-worker-29] - System.err - at org.scalaide.worksheet.ScriptCompilationUnit.scalaProject$lzycompute(ScriptCompilationUnit.scala:33)
2014-04-27 15:51:24,310 ERROR [ForkJoinPool-1-worker-29] - System.err - at org.scalaide.worksheet.ScriptCompilationUnit.scalaProject(ScriptCompilationUnit.scala:33)
2014-04-27 15:51:24,310 ERROR [ForkJoinPool-1-worker-29] - System.err - at org.scalaide.worksheet.runtime.WorksheetsManager.org$scalaide$worksheet$runtime$WorksheetsManager$$forwardIfEvaluatorExists(WorksheetsManager.scala:53)
2014-04-27 15:51:24,310 ERROR [ForkJoinPool-1-worker-29] - System.err - at org.scalaide.worksheet.runtime.WorksheetsManager$$anonfun$act$1$$anonfun$apply$1.applyOrElse(WorksheetsManager.scala:34)
2014-04-27 15:51:24,310 ERROR [ForkJoinPool-1-worker-29] - System.err - at scala.runtime.AbstractPartialFunction$mcVL$sp.apply$mcVL$sp(AbstractPartialFunction.scala:33)
2014-04-27 15:51:24,310 ERROR [ForkJoinPool-1-worker-29] - System.err - at scala.runtime.AbstractPartialFunction$mcVL$sp.apply(AbstractPartialFunction.scala:33)
2014-04-27 15:51:24,310 ERROR [ForkJoinPool-1-worker-29] - System.err - at scala.runtime.AbstractPartialFunction$mcVL$sp.apply(AbstractPartialFunction.scala:25)
2014-04-27 15:51:24,310 ERROR [ForkJoinPool-1-worker-29] - System.err - at scala.actors.ReactorTask.run(ReactorTask.scala:31)
2014-04-27 15:51:24,310 ERROR [ForkJoinPool-1-worker-29] - System.err - at scala.actors.ReactorTask.compute(ReactorTask.scala:63)
2014-04-27 15:51:24,310 ERROR [ForkJoinPool-1-worker-29] - System.err - at scala.concurrent.forkjoin.RecursiveAction.exec(RecursiveAction.java:160)
2014-04-27 15:51:24,310 ERROR [ForkJoinPool-1-worker-29] - System.err - at scala.concurrent.forkjoin.ForkJoinTask.doExec(ForkJoinTask.java:260)
2014-04-27 15:51:24,310 ERROR [ForkJoinPool-1-worker-29] - System.err - at scala.concurrent.forkjoin.ForkJoinPool$WorkQueue.pollAndExecAll(ForkJoinPool.java:1253)
2014-04-27 15:51:24,313 ERROR [ForkJoinPool-1-worker-29] - System.err - at scala.concurrent.forkjoin.ForkJoinPool$WorkQueue.runTask(ForkJoinPool.java:1346)
2014-04-27 15:51:24,313 ERROR [ForkJoinPool-1-worker-29] - System.err - at scala.concurrent.forkjoin.ForkJoinPool.runWorker(ForkJoinPool.java:1979)
2014-04-27 15:51:24,313 ERROR [ForkJoinPool-1-worker-29] - System.err - at scala.concurrent.forkjoin.ForkJoinWorkerThread.run(ForkJoinWorkerThread.java:107)
